<?xml version="1.0" encoding="UTF-8"?>
<testsuite xmlns:xsi="http://www.w3.org/2001/XMLSchema-instance" xsi:noNamespaceSchemaLocation="https://maven.apache.org/surefire/maven-surefire-plugin/xsd/surefire-test-report-3.0.xsd" version="3.0" name="tn.esprit.pi.documentmanagement.documentmanagementmicroservice.DocumentManagementMicroserviceApplicationTests" time="14.252" tests="1" errors="0" skipped="0" failures="0">
  <properties>
[...]
</properties>
  <testcase name="contextLoads" classname="tn.esprit.pi.documentmanagement.documentmanagementmicroservice.DocumentManagementMicroserviceApplicationTests" time="0.972">
    <system-out><![CDATA[20:39:51.681 [main] INFO org.springframework.test.context.support.AnnotationConfigContextLoaderUtils -- Could not detect default configuration classes for test class [tn.esprit.pi.documentmanagement.documentmanagementmicroservice.DocumentManagementMicroserviceApplicationTests]: DocumentManagementMicroserviceApplicationTests does not declare any static, non-private, non-final, nested classes annotated with @Configuration.
20:39:52.030 [main] INFO org.springframework.boot.test.context.SpringBootTestContextBootstrapper -- Found @SpringBootConfiguration tn.esprit.pi.documentmanagement.documentmanagementmicroservice.DocumentManagementMicroserviceApplication for test class tn.esprit.pi.documentmanagement.documentmanagementmicroservice.DocumentManagementMicroserviceApplicationTests

  .   ____          _            __ _ _
 /\\ / ___'_ __ _ _(_)_ __  __ _ \ \ \ \
( ( )\___ | '_ | '_| | '_ \/ _` | \ \ \ \
 \\/  ___)| |_)| | | | | || (_| |  ) ) ) )
  '  |____| .__|_| |_|_| |_\__, | / / / /
 =========|_|==============|___/=/_/_/_/

 :: Spring Boot ::                (v3.4.3)

2025-06-19T20:39:54.373+01:00  INFO 18772 --- [document-management-microservice] [           main] ntManagementMicroserviceApplicationTests : Starting DocumentManagementMicroserviceApplicationTests using Java 21.0.4 with PID 18772 (started by bhsan in C:\Users\bhsan\OneDrive\Bureau\Partie Devops\back-end-ms\document-management-microservice)
2025-06-19T20:39:54.377+01:00  INFO 18772 --- [document-management-microservice] [           main] ntManagementMicroserviceApplicationTests : No active profile set, falling back to 1 default profile: "default"
2025-06-19T20:39:57.843+01:00  INFO 18772 --- [document-management-microservice] [           main] .s.d.r.c.RepositoryConfigurationDelegate : Bootstrapping Spring Data MongoDB repositories in DEFAULT mode.
2025-06-19T20:39:58.034+01:00  INFO 18772 --- [document-management-microservice] [           main] .s.d.r.c.RepositoryConfigurationDelegate : Finished Spring Data repository scanning in 169 ms. Found 3 MongoDB repository interfaces.
2025-06-19T20:39:58.691+01:00  INFO 18772 --- [document-management-microservice] [           main] o.s.cloud.context.scope.GenericScope     : BeanFactory id=54062a94-2ed9-302f-a719-31c164ab2139
2025-06-19T20:39:59.880+01:00  INFO 18772 --- [document-management-microservice] [           main] org.mongodb.driver.client                : MongoClient with metadata {"driver": {"name": "mongo-java-driver|sync|spring-boot", "version": "5.2.1"}, "os": {"type": "Windows", "name": "Windows 10", "architecture": "amd64", "version": "10.0"}, "platform": "Java/Oracle Corporation/21.0.4+8-LTS-274"} created with settings MongoClientSettings{readPreference=primary, writeConcern=WriteConcern{w=null, wTimeout=null ms, journal=null}, retryWrites=true, retryReads=true, readConcern=ReadConcern{level=null}, credential=null, transportSettings=null, commandListeners=[], codecRegistry=ProvidersCodecRegistry{codecProviders=[ValueCodecProvider{}, BsonValueCodecProvider{}, DBRefCodecProvider{}, DBObjectCodecProvider{}, DocumentCodecProvider{}, CollectionCodecProvider{}, IterableCodecProvider{}, MapCodecProvider{}, GeoJsonCodecProvider{}, GridFSFileCodecProvider{}, Jsr310CodecProvider{}, JsonObjectCodecProvider{}, BsonCodecProvider{}, EnumCodecProvider{}, com.mongodb.client.model.mql.ExpressionCodecProvider@76a9a009, com.mongodb.Jep395RecordCodecProvider@9785903, com.mongodb.KotlinCodecProvider@34009349]}, loggerSettings=LoggerSettings{maxDocumentLength=1000}, clusterSettings={hosts=[localhost:27017], srvServiceName=mongodb, mode=SINGLE, requiredClusterType=UNKNOWN, requiredReplicaSetName='null', serverSelector='null', clusterListeners='[]', serverSelectionTimeout='30000 ms', localThreshold='15 ms'}, socketSettings=SocketSettings{connectTimeoutMS=10000, readTimeoutMS=0, receiveBufferSize=0, proxySettings=ProxySettings{host=null, port=null, username=null, password=null}}, heartbeatSocketSettings=SocketSettings{connectTimeoutMS=10000, readTimeoutMS=10000, receiveBufferSize=0, proxySettings=ProxySettings{host=null, port=null, username=null, password=null}}, connectionPoolSettings=ConnectionPoolSettings{maxSize=100, minSize=0, maxWaitTimeMS=120000, maxConnectionLifeTimeMS=0, maxConnectionIdleTimeMS=0, maintenanceInitialDelayMS=0, maintenanceFrequencyMS=60000, connectionPoolListeners=[], maxConnecting=2}, serverSettings=ServerSettings{heartbeatFrequencyMS=10000, minHeartbeatFrequencyMS=500, serverMonitoringMode=AUTO, serverListeners='[]', serverMonitorListeners='[]'}, sslSettings=SslSettings{enabled=false, invalidHostNameAllowed=false, context=null}, applicationName='null', compressorList=[], uuidRepresentation=JAVA_LEGACY, serverApi=null, autoEncryptionSettings=null, dnsClient=null, inetAddressResolver=null, contextProvider=null, timeoutMS=null}
2025-06-19T20:39:59.932+01:00  INFO 18772 --- [document-management-microservice] [localhost:27017] org.mongodb.driver.cluster               : Monitor thread successfully connected to server with description ServerDescription{address=localhost:27017, type=STANDALONE, cryptd=false, state=CONNECTED, ok=true, minWireVersion=0, maxWireVersion=13, maxDocumentSize=16777216, logicalSessionTimeoutMinutes=30, roundTripTimeNanos=52422600, minRoundTripTimeNanos=0}
2025-06-19T20:40:01.438+01:00  INFO 18772 --- [document-management-microservice] [           main] r$InitializeUserDetailsManagerConfigurer : Global AuthenticationManager configured with UserDetailsService bean with name inMemoryUserDetailsManager
2025-06-19T20:40:04.382+01:00  INFO 18772 --- [document-management-microservice] [           main] o.s.cloud.commons.util.InetUtils         : Cannot determine local hostname
2025-06-19T20:40:04.449+01:00  INFO 18772 --- [document-management-microservice] [           main] ntManagementMicroserviceApplicationTests : Started DocumentManagementMicroserviceApplicationTests in 11.854 seconds (process running for 14.995)
]]></system-out>
  </testcase>
</testsuite>