-------------------------------------------------------------------------------
Test set: tn.esprit.pi.notemanagement.notemanagementmicroservice.CritereEvaluationControllerTest
-------------------------------------------------------------------------------
Tests run: 1, Failures: 0, Errors: 1, Skipped: 0, Time elapsed: 2.575 s <<< FAILURE! -- in tn.esprit.pi.notemanagement.notemanagementmicroservice.CritereEvaluationControllerTest
tn.esprit.pi.notemanagement.notemanagementmicroservice.CritereEvaluationControllerTest.shouldReturnCriteriaBySprint -- Time elapsed: 2.538 s <<< ERROR!
java.lang.NullPointerException: Cannot invoke "Object.getClass()" because "bean" is null
	at org.springframework.test.web.servlet.setup.StubWebApplicationContext.addBeans(StubWebApplicationContext.java:150)
	at org.springframework.test.web.servlet.setup.StandaloneMockMvcBuilder.registerMvcSingletons(StandaloneMockMvcBuilder.java:401)
	at org.springframework.test.web.servlet.setup.StandaloneMockMvcBuilder.initWebAppContext(StandaloneMockMvcBuilder.java:390)
	at org.springframework.test.web.servlet.setup.AbstractMockMvcBuilder.build(AbstractMockMvcBuilder.java:171)
	at tn.esprit.pi.notemanagement.notemanagementmicroservice.CritereEvaluationControllerTest.setUp(CritereEvaluationControllerTest.java:33)
	at java.base/java.lang.reflect.Method.invoke(Method.java:580)
	at java.base/java.util.ArrayList.forEach(ArrayList.java:1596)
	at java.base/java.util.ArrayList.forEach(ArrayList.java:1596)

